- The calculation of the optimum positions for helicopter bases has been started.
- Missing inputs for number and/or speed of helicopter.
- Calculation of optimal helicopter postions was executed successfully.
- An unexpected error occurred during the calculation of the optimum helicopter positions
- Cannot invoke "java.io.File.getAbsolutePath()" because "file" is null
- Cannot invoke "java.io.File.getAbsolutePath()" because "file" is null
- Cannot invoke "java.io.File.getAbsolutePath()" because "file" is null
- The calculation of the optimum positions for helicopter bases has been started.
- Missing inputs for number and/or speed of helicopter.
- Calculation of optimal helicopter postions was executed successfully.
- An unexpected error occurred during the calculation of the optimum helicopter positions
- The calculation of the optimum positions for helicopter bases has been started.
- No location data provided.
- Calculation of optimal helicopter postions was executed successfully.
- An unexpected error occurred during the calculation of the optimum helicopter positions
- Cannot invoke "java.io.File.getAbsolutePath()" because "file" is null
- The calculation of the optimum positions for helicopter bases has been started.
- No location data provided.
- Calculation of optimal helicopter postions was executed successfully.
- An unexpected error occurred during the calculation of the optimum helicopter positions
